diamond v2.1.8.162 (C) Max Planck Society for the Advancement of Science, Benjamin Buchfink, University of Tuebingen
Documentation, support and updates available at http://www.diamondsearch.org
Please cite: http://dx.doi.org/10.1038/s41592-021-01101-x Nature Methods (2021)

#CPU threads: 16
Scoring parameters: (Matrix=BLOSUM62 Lambda=0.267 K=0.041 Penalties=11/1)
Temporary directory: /core/labs/Wegrzyn/easel/easel-nf/v_1.6.1/work/5c/f268bb9b8158b1e50bcc625dee1434/unfiltered/similarity_search/DIAMOND
#Target sequences to report alignments for: 3
Opening the database...  [0.089s]
Database: /isg/shared/databases/Diamond/RefSeq/plant.protein.faa.208.dmnd (type: Diamond database, sequences: 6648853, letters: 2964085026)
Block size = 400000000
Opening the input file...  [0.027s]
Opening the output file...  [0.002s]
Loading query sequences...  [0.084s]
Masking queries...  [0.09s]
Building query seed set...  [22.075s]
Algorithm: Query-indexed
Building query histograms...  [0.581s]
Seeking in database...  [0s]
Loading reference sequences...  [0.706s]
Initializing dictionary...  [0.114s]
Initializing temporary storage...  [0.645s]
Building reference histograms...  [3.6s]
Allocating buffers...  [0.001s]
Processing query block 1, reference block 1/8, shape 1/14.
Building reference seed array...  [0.5s]
Building query seed array...  [0.053s]
Computing hash join...  [0.193s]
Searching alignments...  [8.248s]
Deallocating memory...  [0s]
Processing query block 1, reference block 1/8, shape 2/14.
Building reference seed array...  [0.451s]
Building query seed array...  [0.05s]
Computing hash join...  [0.189s]
Searching alignments...  [9.239s]
Deallocating memory...  [0s]
Processing query block 1, reference block 1/8, shape 3/14.
Building reference seed array...  [0.441s]
Building query seed array...  [0.047s]
Computing hash join...  [0.189s]
Searching alignments...  [9.387s]
Deallocating memory...  [0s]
Processing query block 1, reference block 1/8, shape 4/14.
Building reference seed array...  [0.44s]
Building query seed array...  [0.054s]
Computing hash join...  [0.182s]
Searching alignments...  [9.006s]
Deallocating memory...  [0s]
Processing query block 1, reference block 1/8, shape 5/14.
Building reference seed array...  [0.479s]
Building query seed array...  [0.049s]
Computing hash join...  [0.194s]
Searching alignments...  [8.754s]
Deallocating memory...  [0s]
Processing query block 1, reference block 1/8, shape 6/14.
Building reference seed array...  [0.435s]
Building query seed array...  [0.047s]
Computing hash join...  [0.176s]
Searching alignments...  [8.304s]
Deallocating memory...  [0s]
Processing query block 1, reference block 1/8, shape 7/14.
Building reference seed array...  [0.44s]
Building query seed array...  [0.049s]
Computing hash join...  [0.176s]
Searching alignments...  [9.131s]
Deallocating memory...  [0s]
Processing query block 1, reference block 1/8, shape 8/14.
Building reference seed array...  [0.488s]
Building query seed array...  [0.051s]
Computing hash join...  [0.198s]
Searching alignments...  [8.921s]
Deallocating memory...  [0s]
Processing query block 1, reference block 1/8, shape 9/14.
Building reference seed array...  [0.462s]
Building query seed array...  [0.051s]
Computing hash join...  [0.2s]
Searching alignments...  [8.574s]
Deallocating memory...  [0s]
Processing query block 1, reference block 1/8, shape 10/14.
Building reference seed array...  [0.478s]
Building query seed array...  [0.054s]
Computing hash join...  [0.197s]
Searching alignments...  [9.615s]
Deallocating memory...  [0s]
Processing query block 1, reference block 1/8, shape 11/14.
Building reference seed array...  [0.477s]
Building query seed array...  [0.051s]
Computing hash join...  [0.197s]
Searching alignments...  [8.109s]
Deallocating memory...  [0s]
Processing query block 1, reference block 1/8, shape 12/14.
Building reference seed array...  [0.425s]
Building query seed array...  [0.047s]
Computing hash join...  [0.185s]
Searching alignments...  [8.045s]
Deallocating memory...  [0s]
Processing query block 1, reference block 1/8, shape 13/14.
Building reference seed array...  [0.465s]
Building query seed array...  [0.048s]
Computing hash join...  [0.177s]
Searching alignments...  [8.183s]
Deallocating memory...  [0s]
Processing query block 1, reference block 1/8, shape 14/14.
Building reference seed array...  [0.45s]
Building query seed array...  [0.046s]
Computing hash join...  [0.184s]
Searching alignments...  [8.025s]
Deallocating memory...  [0s]
Deallocating buffers...  [0.234s]
Clearing query masking...  [0.003s]
Opening temporary output file...  [0.019s]
Computing alignments... Loading trace points...  [10.367s]
Sorting trace points...  [1.191s]
Computing alignments...  [48.08s]
Deallocating buffers...  [0.258s]
Loading trace points...  [0.031s]
Sorting trace points...  [0.864s]
Computing alignments...  [33.132s]
Deallocating buffers...  [0.157s]
Loading trace points...  [0s]
Sorting trace points...  [0.454s]
Computing alignments...  [24.678s]
Deallocating buffers...  [0.108s]
Loading trace points...  [0s]
 [119.487s]
Deallocating reference...  [0.013s]
Loading reference sequences...  [0.689s]
Initializing dictionary...  [0s]
Initializing temporary storage...  [0.262s]
Building reference histograms...  [3.515s]
Allocating buffers...  [0.001s]
Processing query block 1, reference block 2/8, shape 1/14.
Building reference seed array...  [0.496s]
Building query seed array...  [0.053s]
Computing hash join...  [0.187s]
Searching alignments...  [8.1s]
Deallocating memory...  [0s]
Processing query block 1, reference block 2/8, shape 2/14.
Building reference seed array...  [0.459s]
Building query seed array...  [0.047s]
Computing hash join...  [0.189s]
Searching alignments...  [9.205s]
Deallocating memory...  [0s]
Processing query block 1, reference block 2/8, shape 3/14.
Building reference seed array...  [0.432s]
Building query seed array...  [0.047s]
Computing hash join...  [0.184s]
Searching alignments...  [9.101s]
Deallocating memory...  [0s]
Processing query block 1, reference block 2/8, shape 4/14.
Building reference seed array...  [0.437s]
Building query seed array...  [0.051s]
Computing hash join...  [0.186s]
Searching alignments...  [8.68s]
Deallocating memory...  [0s]
Processing query block 1, reference block 2/8, shape 5/14.
Building reference seed array...  [0.449s]
Building query seed array...  [0.047s]
Computing hash join...  [0.177s]
Searching alignments...  [8.347s]
Deallocating memory...  [0s]
Processing query block 1, reference block 2/8, shape 6/14.
Building reference seed array...  [0.433s]
Building query seed array...  [0.047s]
Computing hash join...  [0.19s]
Searching alignments...  [8.73s]
Deallocating memory...  [0s]
Processing query block 1, reference block 2/8, shape 7/14.
Building reference seed array...  [0.458s]
Building query seed array...  [0.055s]
Computing hash join...  [0.194s]
Searching alignments...  [9.277s]
Deallocating memory...  [0s]
Processing query block 1, reference block 2/8, shape 8/14.
Building reference seed array...  [0.471s]
Building query seed array...  [0.05s]
Computing hash join...  [0.194s]
Searching alignments...  [8.775s]
Deallocating memory...  [0s]
Processing query block 1, reference block 2/8, shape 9/14.
Building reference seed array...  [0.443s]
Building query seed array...  [0.052s]
Computing hash join...  [0.194s]
Searching alignments...  [8.305s]
Deallocating memory...  [0s]
Processing query block 1, reference block 2/8, shape 10/14.
Building reference seed array...  [0.439s]
Building query seed array...  [0.049s]
Computing hash join...  [0.178s]
Searching alignments...  [8.891s]
Deallocating memory...  [0s]
Processing query block 1, reference block 2/8, shape 11/14.
Building reference seed array...  [0.448s]
Building query seed array...  [0.047s]
Computing hash join...  [0.185s]
Searching alignments...  [8.066s]
Deallocating memory...  [0s]
Processing query block 1, reference block 2/8, shape 12/14.
Building reference seed array...  [0.435s]
Building query seed array...  [0.047s]
Computing hash join...  [0.183s]
Searching alignments...  [7.896s]
Deallocating memory...  [0s]
Processing query block 1, reference block 2/8, shape 13/14.
Building reference seed array...  [0.435s]
Building query seed array...  [0.05s]
Computing hash join...  [0.183s]
Searching alignments...  [8.01s]
Deallocating memory...  [0s]
Processing query block 1, reference block 2/8, shape 14/14.
Building reference seed array...  [0.466s]
Building query seed array...  [0.047s]
Computing hash join...  [0.184s]
Searching alignments...  [7.967s]
Deallocating memory...  [0s]
Deallocating buffers...  [0.276s]
Clearing query masking...  [0.003s]
Opening temporary output file...  [0.024s]
Computing alignments... Loading trace points...  [10.434s]
Sorting trace points...  [1.19s]
Computing alignments...  [46.195s]
Deallocating buffers...  [0.264s]
Loading trace points...  [0.038s]
Sorting trace points...  [0.759s]
Computing alignments...  [31.633s]
Deallocating buffers...  [0.154s]
Loading trace points...  [0s]
Sorting trace points...  [0.498s]
Computing alignments...  [22.673s]
Deallocating buffers...  [0.12s]
Loading trace points...  [0s]
 [114.14s]
Deallocating reference...  [0.022s]
Loading reference sequences...  [0.718s]
Initializing dictionary...  [0s]
Initializing temporary storage...  [0.095s]
Building reference histograms...  [3.648s]
Allocating buffers...  [0.001s]
Processing query block 1, reference block 3/8, shape 1/14.
Building reference seed array...  [0.499s]
Building query seed array...  [0.053s]
Computing hash join...  [0.187s]
Searching alignments...  [8.277s]
Deallocating memory...  [0s]
Processing query block 1, reference block 3/8, shape 2/14.
Building reference seed array...  [0.451s]
Building query seed array...  [0.048s]
Computing hash join...  [0.186s]
Searching alignments...  [9.503s]
Deallocating memory...  [0s]
Processing query block 1, reference block 3/8, shape 3/14.
Building reference seed array...  [0.44s]
Building query seed array...  [0.047s]
Computing hash join...  [0.185s]
Searching alignments...  [9.388s]
Deallocating memory...  [0s]
Processing query block 1, reference block 3/8, shape 4/14.
Building reference seed array...  [0.432s]
Building query seed array...  [0.053s]
Computing hash join...  [0.179s]
Searching alignments...  [8.86s]
Deallocating memory...  [0s]
Processing query block 1, reference block 3/8, shape 5/14.
Building reference seed array...  [0.461s]
Building query seed array...  [0.047s]
Computing hash join...  [0.179s]
Searching alignments...  [9.078s]
Deallocating memory...  [0s]
Processing query block 1, reference block 3/8, shape 6/14.
Building reference seed array...  [0.454s]
Building query seed array...  [0.049s]
Computing hash join...  [0.196s]
Searching alignments...  [9.062s]
Deallocating memory...  [0s]
Processing query block 1, reference block 3/8, shape 7/14.
Building reference seed array...  [0.465s]
Building query seed array...  [0.054s]
Computing hash join...  [0.197s]
Searching alignments...  [9.533s]
Deallocating memory...  [0s]
Processing query block 1, reference block 3/8, shape 8/14.
Building reference seed array...  [0.481s]
Building query seed array...  [0.051s]
Computing hash join...  [0.195s]
Searching alignments...  [8.601s]
Deallocating memory...  [0s]
Processing query block 1, reference block 3/8, shape 9/14.
Building reference seed array...  [0.43s]
Building query seed array...  [0.046s]
Computing hash join...  [0.181s]
Searching alignments...  [8.167s]
Deallocating memory...  [0s]
Processing query block 1, reference block 3/8, shape 10/14.
Building reference seed array...  [0.442s]
Building query seed array...  [0.05s]
Computing hash join...  [0.183s]
Searching alignments...  [9.159s]
Deallocating memory...  [0s]
Processing query block 1, reference block 3/8, shape 11/14.
Building reference seed array...  [0.461s]
Building query seed array...  [0.046s]
Computing hash join...  [0.184s]
Searching alignments...  [8.309s]
Deallocating memory...  [0s]
Processing query block 1, reference block 3/8, shape 12/14.
Building reference seed array...  [0.43s]
Building query seed array...  [0.046s]
Computing hash join...  [0.182s]
Searching alignments...  [8.082s]
Deallocating memory...  [0s]
Processing query block 1, reference block 3/8, shape 13/14.
Building reference seed array...  [0.433s]
Building query seed array...  [0.05s]
Computing hash join...  [0.182s]
Searching alignments...  [8.242s]
Deallocating memory...  [0s]
Processing query block 1, reference block 3/8, shape 14/14.
Building reference seed array...  [0.462s]
Building query seed array...  [0.046s]
Computing hash join...  [0.183s]
Searching alignments...  [8.151s]
Deallocating memory...  [0s]
Deallocating buffers...  [0.265s]
Clearing query masking...  [0.004s]
Opening temporary output file...  [0.006s]
Computing alignments... Loading trace points...  [8.551s]
Sorting trace points...  [1.237s]
Computing alignments...  [46.704s]
Deallocating buffers...  [0.263s]
Loading trace points...  [0.04s]
Sorting trace points...  [0.772s]
Computing alignments...  [31.544s]
Deallocating buffers...  [0.187s]
Loading trace points...  [0s]
Sorting trace points...  [0.503s]
Computing alignments...  [22.462s]
Deallocating buffers...  [0.12s]
Loading trace points...  [0s]
 [112.596s]
Deallocating reference...  [0.02s]
Loading reference sequences...  [0.701s]
Initializing dictionary...  [0s]
Initializing temporary storage...  [0.134s]
Building reference histograms...  [3.683s]
Allocating buffers...  [0.001s]
Processing query block 1, reference block 4/8, shape 1/14.
Building reference seed array...  [0.502s]
Building query seed array...  [0.053s]
Computing hash join...  [0.186s]
Searching alignments...  [8.149s]
Deallocating memory...  [0s]
Processing query block 1, reference block 4/8, shape 2/14.
Building reference seed array...  [0.436s]
Building query seed array...  [0.046s]
Computing hash join...  [0.185s]
Searching alignments...  [9.184s]
Deallocating memory...  [0s]
Processing query block 1, reference block 4/8, shape 3/14.
Building reference seed array...  [0.432s]
Building query seed array...  [0.047s]
Computing hash join...  [0.177s]
Searching alignments...  [9.373s]
Deallocating memory...  [0s]
Processing query block 1, reference block 4/8, shape 4/14.
Building reference seed array...  [0.48s]
Building query seed array...  [0.056s]
Computing hash join...  [0.198s]
Searching alignments...  [9.34s]
Deallocating memory...  [0s]
Processing query block 1, reference block 4/8, shape 5/14.
Building reference seed array...  [0.462s]
Building query seed array...  [0.05s]
Computing hash join...  [0.195s]
Searching alignments...  [9.052s]
Deallocating memory...  [0s]
Processing query block 1, reference block 4/8, shape 6/14.
Building reference seed array...  [0.465s]
Building query seed array...  [0.056s]
Computing hash join...  [0.195s]
Searching alignments...  [8.913s]
Deallocating memory...  [0s]
Processing query block 1, reference block 4/8, shape 7/14.
Building reference seed array...  [0.48s]
Building query seed array...  [0.052s]
Computing hash join...  [0.194s]
Searching alignments...  [8.791s]
Deallocating memory...  [0s]
Processing query block 1, reference block 4/8, shape 8/14.
Building reference seed array...  [0.439s]
Building query seed array...  [0.047s]
Computing hash join...  [0.183s]
Searching alignments...  [8.292s]
Deallocating memory...  [0s]
Processing query block 1, reference block 4/8, shape 9/14.
Building reference seed array...  [0.435s]
Building query seed array...  [0.05s]
Computing hash join...  [0.185s]
Searching alignments...  [7.977s]
Deallocating memory...  [0s]
Processing query block 1, reference block 4/8, shape 10/14.
Building reference seed array...  [0.458s]
Building query seed array...  [0.047s]
Computing hash join...  [0.183s]
Searching alignments...  [8.912s]
Deallocating memory...  [0s]
Processing query block 1, reference block 4/8, shape 11/14.
Building reference seed array...  [0.433s]
Building query seed array...  [0.047s]
Computing hash join...  [0.177s]
Searching alignments...  [8.383s]
Deallocating memory...  [0s]
Processing query block 1, reference block 4/8, shape 12/14.
Building reference seed array...  [0.455s]
Building query seed array...  [0.053s]
Computing hash join...  [0.191s]
Searching alignments...  [8.495s]
Deallocating memory...  [0s]
Processing query block 1, reference block 4/8, shape 13/14.
Building reference seed array...  [0.479s]
Building query seed array...  [0.05s]
Computing hash join...  [0.193s]
Searching alignments...  [8.291s]
Deallocating memory...  [0s]
Processing query block 1, reference block 4/8, shape 14/14.
Building reference seed array...  [0.435s]
Building query seed array...  [0.046s]
Computing hash join...  [0.172s]
Searching alignments...  [7.949s]
Deallocating memory...  [0s]
Deallocating buffers...  [0.431s]
Clearing query masking...  [0.003s]
Opening temporary output file...  [0.009s]
Computing alignments... Loading trace points...  [7.51s]
Sorting trace points...  [1.161s]
Computing alignments...  [45.084s]
Deallocating buffers...  [0.289s]
Loading trace points...  [0.025s]
Sorting trace points...  [0.803s]
Computing alignments...  [29.656s]
Deallocating buffers...  [0.168s]
Loading trace points...  [0s]
Sorting trace points...  [0.463s]
Computing alignments...  [20.803s]
Deallocating buffers...  [0.126s]
Loading trace points...  [0s]
 [106.267s]
Deallocating reference...  [0.022s]
Loading reference sequences...  [0.623s]
Initializing dictionary...  [0s]
Initializing temporary storage...  [0.272s]
Building reference histograms...  [3.95s]
Allocating buffers...  [0.001s]
Processing query block 1, reference block 5/8, shape 1/14.
Building reference seed array...  [0.511s]
Building query seed array...  [0.053s]
Computing hash join...  [0.191s]
Searching alignments...  [8.241s]
Deallocating memory...  [0s]
Processing query block 1, reference block 5/8, shape 2/14.
Building reference seed array...  [0.478s]
Building query seed array...  [0.049s]
Computing hash join...  [0.185s]
Searching alignments...  [9.331s]
Deallocating memory...  [0s]
Processing query block 1, reference block 5/8, shape 3/14.
Building reference seed array...  [0.456s]
Building query seed array...  [0.048s]
Computing hash join...  [0.184s]
Searching alignments...  [9.296s]
Deallocating memory...  [0s]
Processing query block 1, reference block 5/8, shape 4/14.
Building reference seed array...  [0.448s]
Building query seed array...  [0.052s]
Computing hash join...  [0.187s]
Searching alignments...  [8.838s]
Deallocating memory...  [0s]
Processing query block 1, reference block 5/8, shape 5/14.
Building reference seed array...  [0.481s]
Building query seed array...  [0.047s]
Computing hash join...  [0.183s]
Searching alignments...  [8.663s]
Deallocating memory...  [0s]
Processing query block 1, reference block 5/8, shape 6/14.
Building reference seed array...  [0.456s]
Building query seed array...  [0.046s]
Computing hash join...  [0.178s]
Searching alignments...  [8.436s]
Deallocating memory...  [0s]
Processing query block 1, reference block 5/8, shape 7/14.
Building reference seed array...  [0.446s]
Building query seed array...  [0.051s]
Computing hash join...  [0.189s]
Searching alignments...  [8.902s]
Deallocating memory...  [0s]
Processing query block 1, reference block 5/8, shape 8/14.
Building reference seed array...  [0.478s]
Building query seed array...  [0.046s]
Computing hash join...  [0.181s]
Searching alignments...  [8.348s]
Deallocating memory...  [0s]
Processing query block 1, reference block 5/8, shape 9/14.
Building reference seed array...  [0.452s]
Building query seed array...  [0.046s]
Computing hash join...  [0.18s]
Searching alignments...  [8.109s]
Deallocating memory...  [0s]
Processing query block 1, reference block 5/8, shape 10/14.
Building reference seed array...  [0.444s]
Building query seed array...  [0.05s]
Computing hash join...  [0.181s]
Searching alignments...  [9.037s]
Deallocating memory...  [0s]
Processing query block 1, reference block 5/8, shape 11/14.
Building reference seed array...  [0.473s]
Building query seed array...  [0.045s]
Computing hash join...  [0.182s]
Searching alignments...  [8.273s]
Deallocating memory...  [0s]
Processing query block 1, reference block 5/8, shape 12/14.
Building reference seed array...  [0.446s]
Building query seed array...  [0.046s]
Computing hash join...  [0.18s]
Searching alignments...  [8.038s]
Deallocating memory...  [0s]
Processing query block 1, reference block 5/8, shape 13/14.
Building reference seed array...  [0.444s]
Building query seed array...  [0.052s]
Computing hash join...  [0.19s]
Searching alignments...  [8.363s]
Deallocating memory...  [0s]
Processing query block 1, reference block 5/8, shape 14/14.
Building reference seed array...  [0.471s]
Building query seed array...  [0.045s]
Computing hash join...  [0.183s]
Searching alignments...  [8.061s]
Deallocating memory...  [0s]
Deallocating buffers...  [0.258s]
Clearing query masking...  [0.002s]
Opening temporary output file...  [0.016s]
Computing alignments... Loading trace points...  [8.549s]
Sorting trace points...  [1.176s]
Computing alignments...  [45.736s]
Deallocating buffers...  [0.311s]
Loading trace points...  [0.055s]
Sorting trace points...  [0.683s]
Computing alignments...  [29.855s]
Deallocating buffers...  [0.166s]
Loading trace points...  [0s]
Sorting trace points...  [0.481s]
Computing alignments...  [20.463s]
Deallocating buffers...  [0.175s]
Loading trace points...  [0s]
 [107.858s]
Deallocating reference...  [0.019s]
Loading reference sequences...  [0.708s]
Initializing dictionary...  [0s]
Initializing temporary storage...  [0.145s]
Building reference histograms...  [3.651s]
Allocating buffers...  [0.001s]
Processing query block 1, reference block 6/8, shape 1/14.
Building reference seed array...  [0.503s]
Building query seed array...  [0.053s]
Computing hash join...  [0.184s]
Searching alignments...  [8.171s]
Deallocating memory...  [0s]
Processing query block 1, reference block 6/8, shape 2/14.
Building reference seed array...  [0.43s]
Building query seed array...  [0.047s]
Computing hash join...  [0.189s]
Searching alignments...  [9.32s]
Deallocating memory...  [0s]
Processing query block 1, reference block 6/8, shape 3/14.
Building reference seed array...  [0.452s]
Building query seed array...  [0.054s]
Computing hash join...  [0.202s]
Searching alignments...  [9.418s]
Deallocating memory...  [0s]
Processing query block 1, reference block 6/8, shape 4/14.
Building reference seed array...  [0.466s]
Building query seed array...  [0.047s]
Computing hash join...  [0.189s]
Searching alignments...  [8.827s]
Deallocating memory...  [0s]
Processing query block 1, reference block 6/8, shape 5/14.
Building reference seed array...  [0.439s]
Building query seed array...  [0.047s]
Computing hash join...  [0.191s]
Searching alignments...  [8.605s]
Deallocating memory...  [0s]
Processing query block 1, reference block 6/8, shape 6/14.
Building reference seed array...  [0.431s]
Building query seed array...  [0.051s]
Computing hash join...  [0.18s]
Searching alignments...  [8.607s]
Deallocating memory...  [0s]
Processing query block 1, reference block 6/8, shape 7/14.
Building reference seed array...  [0.488s]
Building query seed array...  [0.046s]
Computing hash join...  [0.19s]
Searching alignments...  [8.819s]
Deallocating memory...  [0s]
Processing query block 1, reference block 6/8, shape 8/14.
Building reference seed array...  [0.438s]
Building query seed array...  [0.046s]
Computing hash join...  [0.18s]
Searching alignments...  [8.279s]
Deallocating memory...  [0s]
Processing query block 1, reference block 6/8, shape 9/14.
Building reference seed array...  [0.423s]
Building query seed array...  [0.048s]
Computing hash join...  [0.186s]
Searching alignments...  [7.998s]
Deallocating memory...  [0s]
Processing query block 1, reference block 6/8, shape 10/14.
Building reference seed array...  [0.45s]
Building query seed array...  [0.047s]
Computing hash join...  [0.177s]
Searching alignments...  [9.313s]
Deallocating memory...  [0s]
Processing query block 1, reference block 6/8, shape 11/14.
Building reference seed array...  [0.454s]
Building query seed array...  [0.046s]
Computing hash join...  [0.189s]
Searching alignments...  [8.164s]
Deallocating memory...  [0s]
Processing query block 1, reference block 6/8, shape 12/14.
Building reference seed array...  [0.428s]
Building query seed array...  [0.047s]
Computing hash join...  [0.182s]
Searching alignments...  [7.99s]
Deallocating memory...  [0s]
Processing query block 1, reference block 6/8, shape 13/14.
Building reference seed array...  [0.449s]
Building query seed array...  [0.048s]
Computing hash join...  [0.186s]
Searching alignments...  [8.236s]
Deallocating memory...  [0s]
Processing query block 1, reference block 6/8, shape 14/14.
Building reference seed array...  [0.454s]
Building query seed array...  [0.047s]
Computing hash join...  [0.189s]
Searching alignments...  [8.088s]
Deallocating memory...  [0s]
Deallocating buffers...  [0.261s]
Clearing query masking...  [0.002s]
Opening temporary output file...  [0.01s]
Computing alignments... Loading trace points...  [11.494s]
Sorting trace points...  [1.318s]
Computing alignments...  [49.562s]
Deallocating buffers...  [0.322s]
Loading trace points...  [0.033s]
Sorting trace points...  [0.818s]
Computing alignments...  [31.666s]
Deallocating buffers...  [0.183s]
Loading trace points...  [0s]
Sorting trace points...  [0.488s]
Computing alignments...  [22.726s]
Deallocating buffers...  [0.161s]
Loading trace points...  [0s]
 [118.959s]
Deallocating reference...  [0.03s]
Loading reference sequences...  [0.713s]
Initializing dictionary...  [0s]
Initializing temporary storage...  [0.143s]
Building reference histograms...  [3.639s]
Allocating buffers...  [0.001s]
Processing query block 1, reference block 7/8, shape 1/14.
Building reference seed array...  [0.516s]
Building query seed array...  [0.057s]
Computing hash join...  [0.191s]
Searching alignments...  [8.272s]
Deallocating memory...  [0s]
Processing query block 1, reference block 7/8, shape 2/14.
Building reference seed array...  [0.436s]
Building query seed array...  [0.047s]
Computing hash join...  [0.19s]
Searching alignments...  [9.312s]
Deallocating memory...  [0s]
Processing query block 1, reference block 7/8, shape 3/14.
Building reference seed array...  [0.443s]
Building query seed array...  [0.052s]
Computing hash join...  [0.195s]
Searching alignments...  [9.231s]
Deallocating memory...  [0s]
Processing query block 1, reference block 7/8, shape 4/14.
Building reference seed array...  [0.464s]
Building query seed array...  [0.05s]
Computing hash join...  [0.185s]
Searching alignments...  [8.832s]
Deallocating memory...  [0s]
Processing query block 1, reference block 7/8, shape 5/14.
Building reference seed array...  [0.444s]
Building query seed array...  [0.047s]
Computing hash join...  [0.186s]
Searching alignments...  [8.583s]
Deallocating memory...  [0s]
Processing query block 1, reference block 7/8, shape 6/14.
Building reference seed array...  [0.443s]
Building query seed array...  [0.052s]
Computing hash join...  [0.179s]
Searching alignments...  [8.519s]
Deallocating memory...  [0s]
Processing query block 1, reference block 7/8, shape 7/14.
Building reference seed array...  [0.472s]
Building query seed array...  [0.047s]
Computing hash join...  [0.178s]
Searching alignments...  [8.968s]
Deallocating memory...  [0s]
Processing query block 1, reference block 7/8, shape 8/14.
Building reference seed array...  [0.446s]
Building query seed array...  [0.047s]
Computing hash join...  [0.186s]
Searching alignments...  [8.45s]
Deallocating memory...  [0s]
Processing query block 1, reference block 7/8, shape 9/14.
Building reference seed array...  [0.427s]
Building query seed array...  [0.049s]
Computing hash join...  [0.186s]
Searching alignments...  [8.125s]
Deallocating memory...  [0s]
Processing query block 1, reference block 7/8, shape 10/14.
Building reference seed array...  [0.466s]
Building query seed array...  [0.048s]
Computing hash join...  [0.182s]
Searching alignments...  [9.046s]
Deallocating memory...  [0s]
Processing query block 1, reference block 7/8, shape 11/14.
Building reference seed array...  [0.441s]
Building query seed array...  [0.046s]
Computing hash join...  [0.182s]
Searching alignments...  [8.259s]
Deallocating memory...  [0s]
Processing query block 1, reference block 7/8, shape 12/14.
Building reference seed array...  [0.431s]
Building query seed array...  [0.046s]
Computing hash join...  [0.181s]
Searching alignments...  [8.049s]
Deallocating memory...  [0s]
Processing query block 1, reference block 7/8, shape 13/14.
Building reference seed array...  [0.46s]
Building query seed array...  [0.049s]
Computing hash join...  [0.18s]
Searching alignments...  [8.209s]
Deallocating memory...  [0s]
Processing query block 1, reference block 7/8, shape 14/14.
Building reference seed array...  [0.448s]
Building query seed array...  [0.047s]
Computing hash join...  [0.181s]
Searching alignments...  [8.137s]
Deallocating memory...  [0s]
Deallocating buffers...  [0.263s]
Clearing query masking...  [0.004s]
Opening temporary output file...  [0.094s]
Computing alignments... Loading trace points...  [8.14s]
Sorting trace points...  [1.191s]
Computing alignments...  [45.61s]
Deallocating buffers...  [0.305s]
Loading trace points...  [0.045s]
Sorting trace points...  [0.751s]
Computing alignments...  [30.286s]
Deallocating buffers...  [0.164s]
Loading trace points...  [0s]
Sorting trace points...  [0.489s]
Computing alignments...  [22.267s]
Deallocating buffers...  [0.165s]
Loading trace points...  [0s]
 [109.594s]
Deallocating reference...  [0.032s]
Loading reference sequences...  [0.298s]
Initializing dictionary...  [0s]
Initializing temporary storage...  [0.155s]
Building reference histograms...  [1.529s]
Allocating buffers...  [0.001s]
Processing query block 1, reference block 8/8, shape 1/14.
Building reference seed array...  [0.212s]
Building query seed array...  [0.065s]
Computing hash join...  [0.086s]
Searching alignments...  [3.538s]
Deallocating memory...  [0s]
Processing query block 1, reference block 8/8, shape 2/14.
Building reference seed array...  [0.188s]
Building query seed array...  [0.047s]
Computing hash join...  [0.086s]
Searching alignments...  [4.018s]
Deallocating memory...  [0s]
Processing query block 1, reference block 8/8, shape 3/14.
Building reference seed array...  [0.182s]
Building query seed array...  [0.052s]
Computing hash join...  [0.084s]
Searching alignments...  [3.946s]
Deallocating memory...  [0s]
Processing query block 1, reference block 8/8, shape 4/14.
Building reference seed array...  [0.177s]
Building query seed array...  [0.049s]
Computing hash join...  [0.083s]
Searching alignments...  [3.836s]
Deallocating memory...  [0s]
Processing query block 1, reference block 8/8, shape 5/14.
Building reference seed array...  [0.175s]
Building query seed array...  [0.047s]
Computing hash join...  [0.084s]
Searching alignments...  [3.67s]
Deallocating memory...  [0s]
Processing query block 1, reference block 8/8, shape 6/14.
Building reference seed array...  [0.174s]
Building query seed array...  [0.046s]
Computing hash join...  [0.082s]
Searching alignments...  [3.663s]
Deallocating memory...  [0s]
Processing query block 1, reference block 8/8, shape 7/14.
Building reference seed array...  [0.189s]
Building query seed array...  [0.045s]
Computing hash join...  [0.082s]
Searching alignments...  [3.783s]
Deallocating memory...  [0s]
Processing query block 1, reference block 8/8, shape 8/14.
Building reference seed array...  [0.184s]
Building query seed array...  [0.046s]
Computing hash join...  [0.082s]
Searching alignments...  [3.61s]
Deallocating memory...  [0s]
Processing query block 1, reference block 8/8, shape 9/14.
Building reference seed array...  [0.177s]
Building query seed array...  [0.049s]
Computing hash join...  [0.083s]
Searching alignments...  [3.51s]
Deallocating memory...  [0s]
Processing query block 1, reference block 8/8, shape 10/14.
Building reference seed array...  [0.179s]
Building query seed array...  [0.047s]
Computing hash join...  [0.083s]
Searching alignments...  [3.844s]
Deallocating memory...  [0s]
Processing query block 1, reference block 8/8, shape 11/14.
Building reference seed array...  [0.178s]
Building query seed array...  [0.047s]
Computing hash join...  [0.083s]
Searching alignments...  [3.531s]
Deallocating memory...  [0s]
Processing query block 1, reference block 8/8, shape 12/14.
Building reference seed array...  [0.189s]
Building query seed array...  [0.045s]
Computing hash join...  [0.083s]
Searching alignments...  [3.469s]
Deallocating memory...  [0s]
Processing query block 1, reference block 8/8, shape 13/14.
Building reference seed array...  [0.178s]
Building query seed array...  [0.045s]
Computing hash join...  [0.081s]
Searching alignments...  [3.503s]
Deallocating memory...  [0s]
Processing query block 1, reference block 8/8, shape 14/14.
Building reference seed array...  [0.177s]
Building query seed array...  [0.048s]
Computing hash join...  [0.08s]
Searching alignments...  [3.525s]
Deallocating memory...  [0s]
Deallocating buffers...  [0.109s]
Clearing query masking...  [0.004s]
Opening temporary output file...  [0.08s]
Computing alignments... Loading trace points...  [9.199s]
Sorting trace points...  [1.157s]
Computing alignments...  [49.711s]
Deallocating buffers...  [0.28s]
Loading trace points...  [0s]
 [60.617s]
Deallocating reference...  [0.01s]
Loading reference sequences...  [0s]
Deallocating buffers...  [0s]
Joining output blocks... Loading dictionary...  [0.431s]
Joining output blocks...  [1.049s]
 [1.48s]
Deallocating queries...  [0.004s]
Loading query sequences...  [0.001s]
Closing the input file...  [0s]
Closing the output file...  [0.142s]
Closing the database...  [0.002s]
Cleaning up...  [0s]
Total time = 1879.07s
Reported 173384 pairwise alignments, 173384 HSPs.
59471 queries aligned.
