Thu Oct 24 21:39:37 2024 -- Start EnTAP
	Parsing ini file at: entap_run.params
	Parsing ini file at: entap_config.ini
	ini files parsed, debug logging will continue at: entap_outfiles/debug_2024Y10M24D-21h39m37s.txt
Thu Oct 24 21:39:57 2024 -- Running EnTAP Execution...
Thu Oct 24 21:40:10 2024 -- Beginning Frame Selection...
	Parsing TransDecoder Frame Selection Results...
	Complete [0 min]
	Results written to: entap_outfiles/frame_selection/TransDecoder
Thu Oct 24 21:40:12 2024 -- Frame Selection Complete [0 min]
Thu Oct 24 21:40:12 2024 -- Beginning Similarity Search...
	Parsing DIAMOND Similarity Search Results...
	Complete [0 min]
	Results written to: entap_outfiles/similarity_search/DIAMOND
Thu Oct 24 21:40:21 2024 -- Similarity Search Complete [0 min]
Thu Oct 24 21:40:21 2024 -- Beginning Gene Family Analysis...
	Running DIAMOND Similarity Search...
	Complete [27 min]
	Parsing EggNOG-Mapper Results...
	Complete [0 min]
	Results written to: entap_outfiles/gene_family/EggNOG
Thu Oct 24 22:07:40 2024 -- Gene Family Analysis Complete [27 min]
Thu Oct 24 22:07:40 2024 -- Compiling EnTAP Results...
Thu Oct 24 22:07:51 2024 -- EnTAP Results Compiled [0 min]
Thu Oct 24 22:07:55 2024 -- EnTAP Complete! [total runtime 28 minute(s)]
