A	C	G	T	N	IUPAC	Other	GC	GC_stdev
0.3170	0.1833	0.1831	0.3167	0.0001	0.0000	0.0000	0.3664	0.0020

Main genome scaffold total:         	16
Main genome contig total:           	303
Main genome scaffold sequence total:	539433174
Main genome contig sequence total:  	539404474  	0.005% gap
Main genome scaffold N/L50:         	7/34859067
Main genome contig N/L50:           	59/3050278
Main genome scaffold N/L90:         	14/24299648
Main genome contig N/L90:           	182/837038
Max scaffold length:                	53338669
Max contig length:                  	10262831
Number of scaffolds > 50 KB:        	16
% main genome in scaffolds > 50 KB: 	100.00%


Minimum 	Number        	Number        	Total         	Total         	Scaffold
Scaffold	of            	of            	Scaffold      	Contig        	Contig  
Length  	Scaffolds     	Contigs       	Length        	Length        	Coverage
--------	--------------	--------------	--------------	--------------	--------
    All 	            16	           303	     539433174	     539404474	  99.99%
  25000 	            16	           303	     539433174	     539404474	  99.99%
  50000 	            16	           303	     539433174	     539404474	  99.99%
 100000 	            16	           303	     539433174	     539404474	  99.99%
 250000 	            16	           303	     539433174	     539404474	  99.99%
 500000 	            16	           303	     539433174	     539404474	  99.99%
1000000 	            16	           303	     539433174	     539404474	  99.99%
2500000 	            16	           303	     539433174	     539404474	  99.99%
5000000 	            16	           303	     539433174	     539404474	  99.99%
10000000 	            16	           303	     539433174	     539404474	  99.99%
25000000 	            13	           256	     471192258	     471167958	  99.99%
50000000 	             1	            32	      53338669	      53335569	  99.99%

