#  emapper-2.1.12-8fab4e6
# emapper.py  --cpu 16 --dmnd_db /core/labs/Wegrzyn/databases/entap/bin/eggnog_proteins.dmnd --no_file_comments -i /core/labs/Wegrzyn/easel/easel-nf/v_1.6.1/work/5c/f268bb9b8158b1e50bcc625dee1434/unfiltered/transcriptomes//cinerea_unfiltered_final.fasta --sensmode more-sensitive --dbmem --output_dir /core/labs/Wegrzyn/easel/easel-nf/v_1.6.1/work/5c/f268bb9b8158b1e50bcc625dee1434/unfiltered/gene_family//EggNOG --data_dir /core/labs/Wegrzyn/databases/entap/databases -o blastp_cinerea_unfiltered -m diamond
[1;33m  /usr/local/bin/diamond blastp -d '/core/labs/Wegrzyn/databases/entap/bin/eggnog_proteins.dmnd' -q '/core/labs/Wegrzyn/easel/easel-nf/v_1.6.1/work/5c/f268bb9b8158b1e50bcc625dee1434/unfiltered/transcriptomes/cinerea_unfiltered_final.fasta' --threads 16 -o '/core/labs/Wegrzyn/easel/easel-nf/v_1.6.1/work/5c/f268bb9b8158b1e50bcc625dee1434/unfiltered/gene_family/EggNOG/blastp_cinerea_unfiltered.emapper.hits' --tmpdir '/core/labs/Wegrzyn/easel/easel-nf/v_1.6.1/work/5c/f268bb9b8158b1e50bcc625dee1434/emappertmp_dmdn_0r7lfcj9' --more-sensitive --iterate -e 0.001 --top 3  --outfmt 6 qseqid sseqid pident length mismatch gapopen qstart qend sstart send evalue bitscore qcovhsp scovhsp[0m
Loading source DB...
[31mWarning: this can take a few minutes and load up to 45GB to RAM. Using --dbmem is recommended to annotate a large number of sequences.[0m
[32mDone[0m
[1;33mResult files:[0m
   /core/labs/Wegrzyn/easel/easel-nf/v_1.6.1/work/5c/f268bb9b8158b1e50bcc625dee1434/unfiltered/gene_family/EggNOG/blastp_cinerea_unfiltered.emapper.hits
   /core/labs/Wegrzyn/easel/easel-nf/v_1.6.1/work/5c/f268bb9b8158b1e50bcc625dee1434/unfiltered/gene_family/EggNOG/blastp_cinerea_unfiltered.emapper.seed_orthologs
   /core/labs/Wegrzyn/easel/easel-nf/v_1.6.1/work/5c/f268bb9b8158b1e50bcc625dee1434/unfiltered/gene_family/EggNOG/blastp_cinerea_unfiltered.emapper.annotations

================================================================================
CITATION:
If you use this software, please cite:

[1] eggNOG-mapper v2: functional annotation, orthology assignments, and domain 
      prediction at the metagenomic scale. Carlos P. Cantalapiedra, 
      Ana Hernandez-Plaza, Ivica Letunic, Peer Bork, Jaime Huerta-Cepas. 2021.
      Molecular Biology and Evolution, msab293, https://doi.org/10.1093/molbev/msab293

[2] eggNOG 5.0: a hierarchical, functionally and phylogenetically annotated
      orthology resource based on 5090 organisms and 2502 viruses. Jaime
      Huerta-Cepas, Damian Szklarczyk, Davide Heller, Ana Hernandez-Plaza,
      Sofia K Forslund, Helen Cook, Daniel R Mende, Ivica Letunic, Thomas
      Rattei, Lars J Jensen, Christian von Mering and Peer Bork. Nucleic Acids
      Research, Volume 47, Issue D1, 8 January 2019, Pages D309-D314,
      https://doi.org/10.1093/nar/gky1085 

[3] Sensitive protein alignments at tree-of-life scale using DIAMOND.
       Buchfink B, Reuter K, Drost HG. 2021.
       Nature Methods 18, 366–368 (2021). https://doi.org/10.1038/s41592-021-01101-x

e.g. Functional annotation was performed using eggNOG-mapper (version emapper-2.1.12-8fab4e6) [1]
 based on eggNOG orthology data [2]. Sequence searches were performed using [3].

================================================================================

Total hits processed: 67066
Total time: 1388 secs
FINISHED
